2025-10-20 14:14:32,510 [INFO] ======================================================================
2025-10-20 14:14:32,511 [INFO] EDR ULTRA v4.0 - INICIALIZANDO MOTOR DE DETEC«√O
2025-10-20 14:14:32,511 [INFO] ======================================================================
2025-10-20 14:14:35,255 [INFO] ======================================================================
2025-10-20 14:14:35,256 [INFO] EDR ULTRA v4.0 - INICIALIZANDO MOTOR DE DETEC«√O
2025-10-20 14:14:35,257 [INFO] ======================================================================
2025-10-20 14:14:35,798 [INFO] ======================================================================
2025-10-20 14:14:35,816 [INFO] ======================================================================

2025-10-20 14:14:38,606 [INFO] ======================================================================
2025-10-20 14:14:38,621 [INFO] ======================================================================

2025-10-20 14:14:38,641 [INFO] Pressione Ctrl+C para encerrar

2025-10-20 14:20:27,216 [INFO] 
======================================================================
2025-10-20 14:20:27,216 [INFO] ESTATÕSTICAS FINAIS
2025-10-20 14:20:27,217 [INFO] ======================================================================
2025-10-20 14:20:27,218 [INFO] Total analisado: 6
2025-10-20 14:20:27,219 [INFO] AmeaÁas detectadas: 6
2025-10-20 14:20:27,220 [INFO] Alertas crÌticos: 0
2025-10-20 14:20:27,221 [INFO] ======================================================================
2025-10-20 14:20:59,217 [INFO] ======================================================================
2025-10-20 14:20:59,218 [INFO] EDR ULTRA v4.0 - INICIALIZANDO MOTOR DE DETEC√á√ÉO
2025-10-20 14:20:59,219 [INFO] ======================================================================
2025-10-20 14:21:02,021 [INFO] ‚úì Modelos carregados
2025-10-20 14:21:02,023 [INFO] ‚úì Contexto MITRE: 18 t√©cnicas
2025-10-20 14:21:02,024 [INFO] ‚úì Vers√£o: 4.0-ultra
2025-10-20 14:21:02,024 [INFO] ‚úì Acur√°cia: 94.71%
2025-10-20 14:21:02,024 [INFO] ======================================================================
2025-10-20 14:21:02,025 [INFO] ‚úÖ SISTEMA OPERACIONAL E PRONTO!
2025-10-20 14:21:02,025 [INFO] ======================================================================

2025-10-20 14:21:02,026 [INFO] 
======================================================================
2025-10-20 14:21:02,026 [INFO] MODO DEMONSTRA√á√ÉO - Analisando 5 eventos de teste
2025-10-20 14:21:02,027 [INFO] ======================================================================

2025-10-20 14:21:02,027 [INFO] 
‚ñà‚ñà‚ñà‚ñà‚ñà‚ñà‚ñà‚ñà‚ñà‚ñà‚ñà‚ñà‚ñà‚ñà‚ñà‚ñà‚ñà‚ñà‚ñà‚ñà‚ñà‚ñà‚ñà‚ñà‚ñà‚ñà‚ñà‚ñà‚ñà‚ñà‚ñà‚ñà‚ñà‚ñà‚ñà‚ñà‚ñà‚ñà‚ñà‚ñà‚ñà‚ñà‚ñà‚ñà‚ñà‚ñà‚ñà‚ñà‚ñà‚ñà‚ñà‚ñà‚ñà‚ñà‚ñà‚ñà‚ñà‚ñà‚ñà‚ñà‚ñà‚ñà‚ñà‚ñà‚ñà‚ñà‚ñà‚ñà‚ñà‚ñà
2025-10-20 14:21:02,027 [INFO]   EVENTO #1: Atividade Normal de Usu√°rio
2025-10-20 14:21:02,028 [INFO] ‚ñà‚ñà‚ñà‚ñà‚ñà‚ñà‚ñà‚ñà‚ñà‚ñà‚ñà‚ñà‚ñà‚ñà‚ñà‚ñà‚ñà‚ñà‚ñà‚ñà‚ñà‚ñà‚ñà‚ñà‚ñà‚ñà‚ñà‚ñà‚ñà‚ñà‚ñà‚ñà‚ñà‚ñà‚ñà‚ñà‚ñà‚ñà‚ñà‚ñà‚ñà‚ñà‚ñà‚ñà‚ñà‚ñà‚ñà‚ñà‚ñà‚ñà‚ñà‚ñà‚ñà‚ñà‚ñà‚ñà‚ñà‚ñà‚ñà‚ñà‚ñà‚ñà‚ñà‚ñà‚ñà‚ñà‚ñà‚ñà‚ñà‚ñà
2025-10-20 14:21:02,341 [INFO] 
‚ñà‚ñà‚ñà‚ñà‚ñà‚ñà‚ñà‚ñà‚ñà‚ñà‚ñà‚ñà‚ñà‚ñà‚ñà‚ñà‚ñà‚ñà‚ñà‚ñà‚ñà‚ñà‚ñà‚ñà‚ñà‚ñà‚ñà‚ñà‚ñà‚ñà‚ñà‚ñà‚ñà‚ñà‚ñà‚ñà‚ñà‚ñà‚ñà‚ñà‚ñà‚ñà‚ñà‚ñà‚ñà‚ñà‚ñà‚ñà‚ñà‚ñà‚ñà‚ñà‚ñà‚ñà‚ñà‚ñà‚ñà‚ñà‚ñà‚ñà‚ñà‚ñà‚ñà‚ñà‚ñà‚ñà‚ñà‚ñà‚ñà‚ñà
2025-10-20 14:21:02,342 [INFO]   EVENTO #2: Suspeita de Ransomware
2025-10-20 14:21:02,344 [INFO] ‚ñà‚ñà‚ñà‚ñà‚ñà‚ñà‚ñà‚ñà‚ñà‚ñà‚ñà‚ñà‚ñà‚ñà‚ñà‚ñà‚ñà‚ñà‚ñà‚ñà‚ñà‚ñà‚ñà‚ñà‚ñà‚ñà‚ñà‚ñà‚ñà‚ñà‚ñà‚ñà‚ñà‚ñà‚ñà‚ñà‚ñà‚ñà‚ñà‚ñà‚ñà‚ñà‚ñà‚ñà‚ñà‚ñà‚ñà‚ñà‚ñà‚ñà‚ñà‚ñà‚ñà‚ñà‚ñà‚ñà‚ñà‚ñà‚ñà‚ñà‚ñà‚ñà‚ñà‚ñà‚ñà‚ñà‚ñà‚ñà‚ñà‚ñà
2025-10-20 14:21:02,661 [WARNING] üö® ALERTA CR√çTICA: alertas/alerta_evt_1760980862658.json
2025-10-20 14:21:02,662 [INFO] 
‚ñà‚ñà‚ñà‚ñà‚ñà‚ñà‚ñà‚ñà‚ñà‚ñà‚ñà‚ñà‚ñà‚ñà‚ñà‚ñà‚ñà‚ñà‚ñà‚ñà‚ñà‚ñà‚ñà‚ñà‚ñà‚ñà‚ñà‚ñà‚ñà‚ñà‚ñà‚ñà‚ñà‚ñà‚ñà‚ñà‚ñà‚ñà‚ñà‚ñà‚ñà‚ñà‚ñà‚ñà‚ñà‚ñà‚ñà‚ñà‚ñà‚ñà‚ñà‚ñà‚ñà‚ñà‚ñà‚ñà‚ñà‚ñà‚ñà‚ñà‚ñà‚ñà‚ñà‚ñà‚ñà‚ñà‚ñà‚ñà‚ñà‚ñà
2025-10-20 14:21:02,663 [INFO]   EVENTO #3: Execu√ß√£o Suspeita de PowerShell
2025-10-20 14:21:02,664 [INFO] ‚ñà‚ñà‚ñà‚ñà‚ñà‚ñà‚ñà‚ñà‚ñà‚ñà‚ñà‚ñà‚ñà‚ñà‚ñà‚ñà‚ñà‚ñà‚ñà‚ñà‚ñà‚ñà‚ñà‚ñà‚ñà‚ñà‚ñà‚ñà‚ñà‚ñà‚ñà‚ñà‚ñà‚ñà‚ñà‚ñà‚ñà‚ñà‚ñà‚ñà‚ñà‚ñà‚ñà‚ñà‚ñà‚ñà‚ñà‚ñà‚ñà‚ñà‚ñà‚ñà‚ñà‚ñà‚ñà‚ñà‚ñà‚ñà‚ñà‚ñà‚ñà‚ñà‚ñà‚ñà‚ñà‚ñà‚ñà‚ñà‚ñà‚ñà
2025-10-20 14:21:03,018 [WARNING] üö® ALERTA ALTA: alertas/alerta_evt_1760980863014.json
2025-10-20 14:21:03,019 [INFO] 
‚ñà‚ñà‚ñà‚ñà‚ñà‚ñà‚ñà‚ñà‚ñà‚ñà‚ñà‚ñà‚ñà‚ñà‚ñà‚ñà‚ñà‚ñà‚ñà‚ñà‚ñà‚ñà‚ñà‚ñà‚ñà‚ñà‚ñà‚ñà‚ñà‚ñà‚ñà‚ñà‚ñà‚ñà‚ñà‚ñà‚ñà‚ñà‚ñà‚ñà‚ñà‚ñà‚ñà‚ñà‚ñà‚ñà‚ñà‚ñà‚ñà‚ñà‚ñà‚ñà‚ñà‚ñà‚ñà‚ñà‚ñà‚ñà‚ñà‚ñà‚ñà‚ñà‚ñà‚ñà‚ñà‚ñà‚ñà‚ñà‚ñà‚ñà
2025-10-20 14:21:03,024 [INFO]   EVENTO #4: Comportamento Zero-Day Desconhecido
2025-10-20 14:21:03,025 [INFO] ‚ñà‚ñà‚ñà‚ñà‚ñà‚ñà‚ñà‚ñà‚ñà‚ñà‚ñà‚ñà‚ñà‚ñà‚ñà‚ñà‚ñà‚ñà‚ñà‚ñà‚ñà‚ñà‚ñà‚ñà‚ñà‚ñà‚ñà‚ñà‚ñà‚ñà‚ñà‚ñà‚ñà‚ñà‚ñà‚ñà‚ñà‚ñà‚ñà‚ñà‚ñà‚ñà‚ñà‚ñà‚ñà‚ñà‚ñà‚ñà‚ñà‚ñà‚ñà‚ñà‚ñà‚ñà‚ñà‚ñà‚ñà‚ñà‚ñà‚ñà‚ñà‚ñà‚ñà‚ñà‚ñà‚ñà‚ñà‚ñà‚ñà‚ñà
2025-10-20 14:21:03,322 [WARNING] üö® ALERTA CR√çTICA: alertas/alerta_evt_1760980863320.json
2025-10-20 14:21:03,323 [INFO] 
‚ñà‚ñà‚ñà‚ñà‚ñà‚ñà‚ñà‚ñà‚ñà‚ñà‚ñà‚ñà‚ñà‚ñà‚ñà‚ñà‚ñà‚ñà‚ñà‚ñà‚ñà‚ñà‚ñà‚ñà‚ñà‚ñà‚ñà‚ñà‚ñà‚ñà‚ñà‚ñà‚ñà‚ñà‚ñà‚ñà‚ñà‚ñà‚ñà‚ñà‚ñà‚ñà‚ñà‚ñà‚ñà‚ñà‚ñà‚ñà‚ñà‚ñà‚ñà‚ñà‚ñà‚ñà‚ñà‚ñà‚ñà‚ñà‚ñà‚ñà‚ñà‚ñà‚ñà‚ñà‚ñà‚ñà‚ñà‚ñà‚ñà‚ñà
2025-10-20 14:21:03,328 [INFO]   EVENTO #5: Tentativa de Credential Dumping
2025-10-20 14:21:03,329 [INFO] ‚ñà‚ñà‚ñà‚ñà‚ñà‚ñà‚ñà‚ñà‚ñà‚ñà‚ñà‚ñà‚ñà‚ñà‚ñà‚ñà‚ñà‚ñà‚ñà‚ñà‚ñà‚ñà‚ñà‚ñà‚ñà‚ñà‚ñà‚ñà‚ñà‚ñà‚ñà‚ñà‚ñà‚ñà‚ñà‚ñà‚ñà‚ñà‚ñà‚ñà‚ñà‚ñà‚ñà‚ñà‚ñà‚ñà‚ñà‚ñà‚ñà‚ñà‚ñà‚ñà‚ñà‚ñà‚ñà‚ñà‚ñà‚ñà‚ñà‚ñà‚ñà‚ñà‚ñà‚ñà‚ñà‚ñà‚ñà‚ñà‚ñà‚ñà
2025-10-20 14:21:03,618 [WARNING] üö® ALERTA CR√çTICA: alertas/alerta_evt_1760980863615.json
2025-10-20 14:21:03,619 [INFO] 
======================================================================
2025-10-20 14:21:03,622 [INFO] ESTAT√çSTICAS DA DEMONSTRA√á√ÉO
2025-10-20 14:21:03,623 [INFO] ======================================================================
2025-10-20 14:21:48,724 [INFO] ======================================================================
2025-10-20 14:21:48,725 [INFO] EDR ULTRA v4.0 - INICIALIZANDO MOTOR DE DETEC√á√ÉO
2025-10-20 14:21:48,725 [INFO] ======================================================================
2025-10-20 14:21:51,432 [INFO] ======================================================================
2025-10-20 14:21:51,432 [INFO] EDR ULTRA v4.0 - INICIALIZANDO MOTOR DE DETEC√á√ÉO
2025-10-20 14:21:51,433 [INFO] ======================================================================
2025-10-20 14:21:51,814 [INFO] ‚úì Modelos carregados
2025-10-20 14:21:51,815 [INFO] ‚úì Contexto MITRE: 18 t√©cnicas
2025-10-20 14:21:51,816 [INFO] ‚úì Vers√£o: 4.0-ultra
2025-10-20 14:21:51,817 [INFO] ‚úì Acur√°cia: 94.71%
2025-10-20 14:21:51,817 [INFO] ======================================================================
2025-10-20 14:21:51,817 [INFO] ‚úÖ SISTEMA OPERACIONAL E PRONTO!
2025-10-20 14:21:51,818 [INFO] ======================================================================

2025-10-20 14:21:52,583 [INFO] 
üåê Iniciando API REST na porta 8000...
2025-10-20 14:21:52,584 [INFO] üìñ Documenta√ß√£o: http://localhost:8000/docs
2025-10-20 14:21:52,584 [INFO] ‚úÖ API pronta para receber requisi√ß√µes!

2025-10-20 14:21:54,373 [INFO] ‚úì Modelos carregados
2025-10-20 14:21:54,373 [INFO] ‚úì Contexto MITRE: 18 t√©cnicas
2025-10-20 14:21:54,374 [INFO] ‚úì Vers√£o: 4.0-ultra
2025-10-20 14:21:54,375 [INFO] ‚úì Acur√°cia: 94.71%
2025-10-20 14:21:54,375 [INFO] ======================================================================
2025-10-20 14:21:54,376 [INFO] ‚úÖ SISTEMA OPERACIONAL E PRONTO!
2025-10-20 14:21:54,377 [INFO] ======================================================================

2025-10-20 14:21:54,377 [INFO] 
üîÑ Modo Daemon iniciado (intervalo: 60s)
2025-10-20 14:21:54,378 [INFO] Pressione Ctrl+C para encerrar

2025-10-20 14:21:58,674 [WARNING] üö® ALERTA ALTA: alertas/alerta_evt_1760980918671.json
2025-10-20 14:21:58,674 [WARNING] ‚ö†Ô∏è  AMEA√áA DETECTADA | Prioridade: ALTA | Classifica√ß√£o: T1486 - Data Encrypted for Impact (Ransomware)
2025-10-20 14:23:02,578 [WARNING] üö® ALERTA ALTA: alertas/alerta_evt_1760980982575.json
2025-10-20 14:23:02,578 [WARNING] ‚ö†Ô∏è  AMEA√áA DETECTADA | Prioridade: ALTA | Classifica√ß√£o: T1486 - Data Encrypted for Impact (Ransomware)
2025-10-20 14:24:03,208 [INFO] 

üõë Encerrando daemon...
2025-10-20 14:24:03,210 [INFO] 
======================================================================
2025-10-20 14:24:03,210 [INFO] ESTAT√çSTICAS FINAIS
2025-10-20 14:24:03,211 [INFO] ======================================================================
2025-10-20 14:24:03,211 [INFO] Total analisado: 2
2025-10-20 14:24:03,212 [INFO] Amea√ßas detectadas: 2
2025-10-20 14:24:03,213 [INFO] Alertas cr√≠ticos: 0
2025-10-20 14:24:03,214 [INFO] ======================================================================
2025-10-20 14:25:04,375 [INFO] ======================================================================
2025-10-20 14:25:04,375 [INFO] EDR ULTRA v4.0 - INICIALIZANDO MOTOR DE DETEC√á√ÉO
2025-10-20 14:25:04,376 [INFO] ======================================================================
2025-10-20 14:25:07,388 [INFO] ======================================================================
2025-10-20 14:25:07,388 [INFO] EDR ULTRA v4.0 - INICIALIZANDO MOTOR DE DETEC√á√ÉO
2025-10-20 14:25:07,389 [INFO] ======================================================================
2025-10-20 14:25:07,735 [INFO] ‚úì Modelos carregados
2025-10-20 14:25:07,736 [INFO] ‚úì Contexto MITRE: 18 t√©cnicas
2025-10-20 14:25:07,737 [INFO] ‚úì Vers√£o: 4.0-ultra
2025-10-20 14:25:07,737 [INFO] ‚úì Acur√°cia: 94.71%
2025-10-20 14:25:07,738 [INFO] ======================================================================
2025-10-20 14:25:07,738 [INFO] ‚úÖ SISTEMA OPERACIONAL E PRONTO!
2025-10-20 14:25:07,739 [INFO] ======================================================================

2025-10-20 14:25:08,661 [INFO] 
üåê Iniciando API REST na porta 8000...
2025-10-20 14:25:08,662 [INFO] üìñ Documenta√ß√£o: http://localhost:8000/docs
2025-10-20 14:25:08,664 [INFO] ‚úÖ API pronta para receber requisi√ß√µes!

2025-10-20 14:25:10,693 [INFO] ‚úì Modelos carregados
2025-10-20 14:25:10,695 [INFO] ‚úì Contexto MITRE: 18 t√©cnicas
2025-10-20 14:25:10,696 [INFO] ‚úì Vers√£o: 4.0-ultra
2025-10-20 14:25:10,696 [INFO] ‚úì Acur√°cia: 94.71%
2025-10-20 14:25:10,697 [INFO] ======================================================================
2025-10-20 14:25:10,698 [INFO] ‚úÖ SISTEMA OPERACIONAL E PRONTO!
2025-10-20 14:25:10,698 [INFO] ======================================================================

2025-10-20 14:25:10,699 [INFO] 
üîÑ Modo Daemon iniciado (intervalo: 60s)
2025-10-20 14:25:10,699 [INFO] Pressione Ctrl+C para encerrar

2025-10-20 14:25:14,524 [WARNING] üö® ALERTA ALTA: alertas/alerta_evt_1760981114521.json
2025-10-20 14:25:14,525 [WARNING] ‚ö†Ô∏è  AMEA√áA DETECTADA | Prioridade: ALTA | Classifica√ß√£o: T1486 - Data Encrypted for Impact (Ransomware)
2025-10-20 14:26:19,725 [WARNING] üö® ALERTA ALTA: alertas/alerta_evt_1760981179721.json
2025-10-20 14:26:19,726 [WARNING] ‚ö†Ô∏è  AMEA√áA DETECTADA | Prioridade: ALTA | Classifica√ß√£o: T1486 - Data Encrypted for Impact (Ransomware)
2025-10-20 14:27:24,499 [WARNING] üö® ALERTA ALTA: alertas/alerta_evt_1760981244496.json
2025-10-20 14:27:24,501 [WARNING] ‚ö†Ô∏è  AMEA√áA DETECTADA | Prioridade: ALTA | Classifica√ß√£o: T1486 - Data Encrypted for Impact (Ransomware)
2025-10-20 14:28:29,318 [WARNING] üö® ALERTA ALTA: alertas/alerta_evt_1760981309312.json
2025-10-20 14:28:29,319 [WARNING] ‚ö†Ô∏è  AMEA√áA DETECTADA | Prioridade: ALTA | Classifica√ß√£o: T1486 - Data Encrypted for Impact (Ransomware)
2025-10-20 14:29:34,764 [WARNING] üö® ALERTA ALTA: alertas/alerta_evt_1760981374760.json
2025-10-20 14:29:34,765 [WARNING] ‚ö†Ô∏è  AMEA√áA DETECTADA | Prioridade: ALTA | Classifica√ß√£o: T1486 - Data Encrypted for Impact (Ransomware)
2025-10-20 14:30:39,955 [WARNING] üö® ALERTA ALTA: alertas/alerta_evt_1760981439951.json
2025-10-20 14:30:39,957 [WARNING] ‚ö†Ô∏è  AMEA√áA DETECTADA | Prioridade: ALTA | Classifica√ß√£o: T1486 - Data Encrypted for Impact (Ransomware)
2025-10-20 14:31:44,602 [WARNING] üö® ALERTA ALTA: alertas/alerta_evt_1760981504598.json
2025-10-20 14:31:44,603 [WARNING] ‚ö†Ô∏è  AMEA√áA DETECTADA | Prioridade: ALTA | Classifica√ß√£o: T1486 - Data Encrypted for Impact (Ransomware)
2025-10-20 14:32:49,476 [WARNING] üö® ALERTA ALTA: alertas/alerta_evt_1760981569474.json
2025-10-20 14:32:49,477 [WARNING] ‚ö†Ô∏è  AMEA√áA DETECTADA | Prioridade: ALTA | Classifica√ß√£o: T1486 - Data Encrypted for Impact (Ransomware)
2025-10-20 14:33:53,799 [WARNING] üö® ALERTA ALTA: alertas/alerta_evt_1760981633795.json
2025-10-20 14:33:53,800 [WARNING] ‚ö†Ô∏è  AMEA√áA DETECTADA | Prioridade: ALTA | Classifica√ß√£o: T1486 - Data Encrypted for Impact (Ransomware)
2025-10-20 14:34:58,674 [WARNING] üö® ALERTA ALTA: alertas/alerta_evt_1760981698671.json
2025-10-20 14:34:58,675 [WARNING] ‚ö†Ô∏è  AMEA√áA DETECTADA | Prioridade: ALTA | Classifica√ß√£o: T1486 - Data Encrypted for Impact (Ransomware)
2025-10-20 14:36:03,045 [WARNING] üö® ALERTA ALTA: alertas/alerta_evt_1760981763042.json
2025-10-20 14:36:03,046 [WARNING] ‚ö†Ô∏è  AMEA√áA DETECTADA | Prioridade: ALTA | Classifica√ß√£o: T1486 - Data Encrypted for Impact (Ransomware)
2025-10-20 14:37:07,227 [WARNING] üö® ALERTA ALTA: alertas/alerta_evt_1760981827224.json
2025-10-20 14:37:07,229 [WARNING] ‚ö†Ô∏è  AMEA√áA DETECTADA | Prioridade: ALTA | Classifica√ß√£o: T1486 - Data Encrypted for Impact (Ransomware)
2025-10-20 14:38:11,825 [WARNING] üö® ALERTA ALTA: alertas/alerta_evt_1760981891823.json
2025-10-20 14:38:11,826 [WARNING] ‚ö†Ô∏è  AMEA√áA DETECTADA | Prioridade: ALTA | Classifica√ß√£o: T1486 - Data Encrypted for Impact (Ransomware)
2025-10-20 14:39:16,816 [WARNING] üö® ALERTA ALTA: alertas/alerta_evt_1760981956813.json
2025-10-20 14:39:16,817 [WARNING] ‚ö†Ô∏è  AMEA√áA DETECTADA | Prioridade: ALTA | Classifica√ß√£o: T1486 - Data Encrypted for Impact (Ransomware)
2025-10-20 14:40:21,434 [WARNING] üö® ALERTA ALTA: alertas/alerta_evt_1760982021431.json
2025-10-20 14:40:21,435 [WARNING] ‚ö†Ô∏è  AMEA√áA DETECTADA | Prioridade: ALTA | Classifica√ß√£o: T1486 - Data Encrypted for Impact (Ransomware)
2025-10-20 14:40:32,195 [INFO] 

üõë Encerrando daemon...
2025-10-20 14:40:32,195 [INFO] 
======================================================================
2025-10-20 14:40:32,200 [INFO] ESTAT√çSTICAS FINAIS
2025-10-20 14:40:32,202 [INFO] ======================================================================
2025-10-20 14:40:32,202 [INFO] Total analisado: 15
2025-10-20 14:40:32,204 [INFO] Amea√ßas detectadas: 15
2025-10-20 14:40:32,205 [INFO] Alertas cr√≠ticos: 0
2025-10-20 14:40:32,206 [INFO] ======================================================================
2025-10-20 14:48:18,680 [INFO] ======================================================================
2025-10-20 14:48:18,681 [INFO] EDR ULTRA v4.0 - INICIALIZANDO MOTOR DE DETEC√á√ÉO
2025-10-20 14:48:18,683 [INFO] ======================================================================
2025-10-20 14:48:21,558 [INFO] ======================================================================
2025-10-20 14:48:21,559 [INFO] EDR ULTRA v4.0 - INICIALIZANDO MOTOR DE DETEC√á√ÉO
2025-10-20 14:48:21,559 [INFO] ======================================================================
2025-10-20 14:48:22,218 [INFO] ‚úì Modelos carregados
2025-10-20 14:48:22,219 [INFO] ‚úì Contexto MITRE: 18 t√©cnicas
2025-10-20 14:48:22,220 [INFO] ‚úì Vers√£o: 4.0-ultra
2025-10-20 14:48:22,221 [INFO] ‚úì Acur√°cia: 94.71%
2025-10-20 14:48:22,221 [INFO] ======================================================================
2025-10-20 14:48:22,222 [INFO] ‚úÖ SISTEMA OPERACIONAL E PRONTO!
2025-10-20 14:48:22,223 [INFO] ======================================================================

2025-10-20 14:48:23,008 [INFO] 
üåê Iniciando API REST na porta 8000...
2025-10-20 14:48:23,009 [INFO] üìñ Documenta√ß√£o: http://localhost:8000/docs
2025-10-20 14:48:23,010 [INFO] ‚úÖ API pronta para receber requisi√ß√µes!

2025-10-20 14:48:24,770 [INFO] ‚úì Modelos carregados
2025-10-20 14:48:24,771 [INFO] ‚úì Contexto MITRE: 18 t√©cnicas
2025-10-20 14:48:24,772 [INFO] ‚úì Vers√£o: 4.0-ultra
2025-10-20 14:48:24,773 [INFO] ‚úì Acur√°cia: 94.71%
2025-10-20 14:48:24,773 [INFO] ======================================================================
2025-10-20 14:48:24,774 [INFO] ‚úÖ SISTEMA OPERACIONAL E PRONTO!
2025-10-20 14:48:24,774 [INFO] ======================================================================

2025-10-20 14:48:24,775 [INFO] 
üîÑ Modo Daemon iniciado (intervalo: 60s)
2025-10-20 14:48:24,775 [INFO] Pressione Ctrl+C para encerrar

2025-10-20 14:48:30,016 [WARNING] üö® ALERTA ALTA: alertas/alerta_evt_1760982510009.json
2025-10-20 14:48:30,016 [WARNING] ‚ö†Ô∏è  AMEA√áA DETECTADA | Prioridade: ALTA | Classifica√ß√£o: T1486 - Data Encrypted for Impact (Ransomware)
2025-10-20 14:49:34,445 [WARNING] üö® ALERTA ALTA: alertas/alerta_evt_1760982574442.json
2025-10-20 14:49:34,446 [WARNING] ‚ö†Ô∏è  AMEA√áA DETECTADA | Prioridade: ALTA | Classifica√ß√£o: T1486 - Data Encrypted for Impact (Ransomware)
2025-10-20 14:50:39,050 [WARNING] üö® ALERTA ALTA: alertas/alerta_evt_1760982639047.json
2025-10-20 14:50:39,050 [WARNING] ‚ö†Ô∏è  AMEA√áA DETECTADA | Prioridade: ALTA | Classifica√ß√£o: T1486 - Data Encrypted for Impact (Ransomware)
2025-10-20 14:51:43,526 [WARNING] üö® ALERTA ALTA: alertas/alerta_evt_1760982703523.json
2025-10-20 14:51:43,527 [WARNING] ‚ö†Ô∏è  AMEA√áA DETECTADA | Prioridade: ALTA | Classifica√ß√£o: T1486 - Data Encrypted for Impact (Ransomware)
2025-10-20 14:52:48,153 [WARNING] üö® ALERTA ALTA: alertas/alerta_evt_1760982768149.json
2025-10-20 14:52:48,154 [WARNING] ‚ö†Ô∏è  AMEA√áA DETECTADA | Prioridade: ALTA | Classifica√ß√£o: T1486 - Data Encrypted for Impact (Ransomware)
2025-10-20 14:52:59,776 [INFO] 

üõë Encerrando daemon...
2025-10-20 14:52:59,777 [INFO] 
======================================================================
2025-10-20 14:52:59,780 [INFO] ESTAT√çSTICAS FINAIS
2025-10-20 14:52:59,782 [INFO] ======================================================================
2025-10-20 14:52:59,783 [INFO] Total analisado: 5
2025-10-20 14:52:59,784 [INFO] Amea√ßas detectadas: 5
2025-10-20 14:52:59,787 [INFO] Alertas cr√≠ticos: 0
2025-10-20 14:52:59,788 [INFO] ======================================================================
2025-10-20 15:20:25,391 [INFO] ======================================================================
2025-10-20 15:20:25,392 [INFO] EDR ULTRA v5.0 - INICIALIZANDO MOTOR DE DETEC√á√ÉO
2025-10-20 15:20:25,393 [INFO] ======================================================================
2025-10-20 15:20:28,376 [INFO] ======================================================================
2025-10-20 15:20:28,376 [INFO] EDR ULTRA v5.0 - INICIALIZANDO MOTOR DE DETEC√á√ÉO
2025-10-20 15:20:28,377 [INFO] ======================================================================
2025-10-20 15:20:28,532 [INFO] ‚úì Modelos carregados
2025-10-20 15:20:28,534 [INFO] ‚úì Contexto MITRE: 18 t√©cnicas
2025-10-20 15:20:28,534 [INFO] ‚úì Vers√£o: 4.0-ultra
2025-10-20 15:20:28,535 [INFO] ‚úì Acur√°cia: 94.71%
2025-10-20 15:20:28,535 [INFO] ======================================================================
2025-10-20 15:20:28,536 [INFO] ‚úÖ SISTEMA OPERACIONAL E PRONTO!
2025-10-20 15:20:28,536 [INFO] ======================================================================

2025-10-20 15:20:29,485 [INFO] 
üåê Iniciando API REST na porta 8000...
2025-10-20 15:20:29,486 [INFO] üîó Host: 0.0.0.0
2025-10-20 15:20:29,486 [INFO] üìñ Documenta√ß√£o: http://0.0.0.0:8000/docs
2025-10-20 15:20:29,487 [INFO] ‚úÖ API pronta para receber requisi√ß√µes!

2025-10-20 15:20:31,442 [INFO] ‚úì Modelos carregados
2025-10-20 15:20:31,444 [INFO] ‚úì Contexto MITRE: 18 t√©cnicas
2025-10-20 15:20:31,445 [INFO] ‚úì Vers√£o: 4.0-ultra
2025-10-20 15:20:31,445 [INFO] ‚úì Acur√°cia: 94.71%
2025-10-20 15:20:31,446 [INFO] ======================================================================
2025-10-20 15:20:31,446 [INFO] ‚úÖ SISTEMA OPERACIONAL E PRONTO!
2025-10-20 15:20:31,447 [INFO] ======================================================================

2025-10-20 15:20:31,447 [INFO] 
üîÑ Modo Daemon iniciado (intervalo: 60s)
2025-10-20 15:20:31,448 [INFO] Pressione Ctrl+C para encerrar

2025-10-20 15:20:35,619 [WARNING] üö® ALERTA ALTA: alertas/alerta_evt_1760984435616.json
2025-10-20 15:20:35,620 [WARNING] ‚ö†Ô∏è  AMEA√áA DETECTADA | Prioridade: ALTA | Classifica√ß√£o: T1486 - Data Encrypted for Impact (Ransomware)
2025-10-20 15:21:40,160 [WARNING] üö® ALERTA ALTA: alertas/alerta_evt_1760984500157.json
2025-10-20 15:21:40,161 [WARNING] ‚ö†Ô∏è  AMEA√áA DETECTADA | Prioridade: ALTA | Classifica√ß√£o: T1486 - Data Encrypted for Impact (Ransomware)
2025-10-20 15:22:44,729 [WARNING] üö® ALERTA ALTA: alertas/alerta_evt_1760984564727.json
2025-10-20 15:22:44,730 [WARNING] ‚ö†Ô∏è  AMEA√áA DETECTADA | Prioridade: ALTA | Classifica√ß√£o: T1486 - Data Encrypted for Impact (Ransomware)
2025-10-20 15:23:49,090 [WARNING] üö® ALERTA ALTA: alertas/alerta_evt_1760984629088.json
2025-10-20 15:23:49,091 [WARNING] ‚ö†Ô∏è  AMEA√áA DETECTADA | Prioridade: ALTA | Classifica√ß√£o: T1486 - Data Encrypted for Impact (Ransomware)
2025-10-20 15:24:53,442 [WARNING] üö® ALERTA ALTA: alertas/alerta_evt_1760984693439.json
2025-10-20 15:24:53,444 [WARNING] ‚ö†Ô∏è  AMEA√áA DETECTADA | Prioridade: ALTA | Classifica√ß√£o: T1486 - Data Encrypted for Impact (Ransomware)
2025-10-20 15:25:57,911 [WARNING] üö® ALERTA ALTA: alertas/alerta_evt_1760984757907.json
2025-10-20 15:25:57,912 [WARNING] ‚ö†Ô∏è  AMEA√áA DETECTADA | Prioridade: ALTA | Classifica√ß√£o: T1486 - Data Encrypted for Impact (Ransomware)
2025-10-20 15:27:02,361 [WARNING] üö® ALERTA ALTA: alertas/alerta_evt_1760984822358.json
2025-10-20 15:27:02,362 [WARNING] ‚ö†Ô∏è  AMEA√áA DETECTADA | Prioridade: ALTA | Classifica√ß√£o: T1486 - Data Encrypted for Impact (Ransomware)
2025-10-20 15:28:06,294 [WARNING] üö® ALERTA ALTA: alertas/alerta_evt_1760984886291.json
2025-10-20 15:28:06,295 [WARNING] ‚ö†Ô∏è  AMEA√áA DETECTADA | Prioridade: ALTA | Classifica√ß√£o: T1486 - Data Encrypted for Impact (Ransomware)
2025-10-20 15:29:10,938 [WARNING] üö® ALERTA ALTA: alertas/alerta_evt_1760984950935.json
2025-10-20 15:29:10,939 [WARNING] ‚ö†Ô∏è  AMEA√áA DETECTADA | Prioridade: ALTA | Classifica√ß√£o: T1486 - Data Encrypted for Impact (Ransomware)
2025-10-20 15:30:15,255 [WARNING] üö® ALERTA ALTA: alertas/alerta_evt_1760985015252.json
2025-10-20 15:30:15,256 [WARNING] ‚ö†Ô∏è  AMEA√áA DETECTADA | Prioridade: ALTA | Classifica√ß√£o: T1486 - Data Encrypted for Impact (Ransomware)
2025-10-20 15:31:19,900 [WARNING] üö® ALERTA ALTA: alertas/alerta_evt_1760985079898.json
2025-10-20 15:31:19,901 [WARNING] ‚ö†Ô∏è  AMEA√áA DETECTADA | Prioridade: ALTA | Classifica√ß√£o: T1486 - Data Encrypted for Impact (Ransomware)
2025-10-20 15:32:24,400 [WARNING] üö® ALERTA ALTA: alertas/alerta_evt_1760985144397.json
2025-10-20 15:32:24,401 [WARNING] ‚ö†Ô∏è  AMEA√áA DETECTADA | Prioridade: ALTA | Classifica√ß√£o: T1486 - Data Encrypted for Impact (Ransomware)
2025-10-20 15:33:28,513 [WARNING] üö® ALERTA ALTA: alertas/alerta_evt_1760985208510.json
2025-10-20 15:33:28,514 [WARNING] ‚ö†Ô∏è  AMEA√áA DETECTADA | Prioridade: ALTA | Classifica√ß√£o: T1486 - Data Encrypted for Impact (Ransomware)
2025-10-20 15:34:33,211 [WARNING] üö® ALERTA ALTA: alertas/alerta_evt_1760985273208.json
2025-10-20 15:34:33,212 [WARNING] ‚ö†Ô∏è  AMEA√áA DETECTADA | Prioridade: ALTA | Classifica√ß√£o: T1486 - Data Encrypted for Impact (Ransomware)
2025-10-20 15:35:37,247 [WARNING] üö® ALERTA ALTA: alertas/alerta_evt_1760985337245.json
2025-10-20 15:35:37,248 [WARNING] ‚ö†Ô∏è  AMEA√áA DETECTADA | Prioridade: ALTA | Classifica√ß√£o: T1486 - Data Encrypted for Impact (Ransomware)
2025-10-20 15:36:15,181 [INFO] ‚úì Agente registrado: agent_DESKTOP-VREEU4M_unknown (DESKTOP-VREEU4M)
2025-10-20 15:36:26,837 [WARNING] üö® ALERTA CR√çTICA: alertas/alerta_evt_1760985386834.json
2025-10-20 15:36:42,341 [WARNING] üö® ALERTA ALTA: alertas/alerta_evt_1760985402338.json
2025-10-20 15:36:42,341 [WARNING] ‚ö†Ô∏è  AMEA√áA DETECTADA | Prioridade: ALTA | Classifica√ß√£o: T1486 - Data Encrypted for Impact (Ransomware)
2025-10-20 15:37:33,275 [WARNING] üö® ALERTA CR√çTICA: alertas/alerta_evt_1760985453271.json
2025-10-20 15:37:46,434 [WARNING] üö® ALERTA ALTA: alertas/alerta_evt_1760985466431.json
2025-10-20 15:37:46,435 [WARNING] ‚ö†Ô∏è  AMEA√áA DETECTADA | Prioridade: ALTA | Classifica√ß√£o: T1486 - Data Encrypted for Impact (Ransomware)
2025-10-20 15:38:38,798 [WARNING] üö® ALERTA CR√çTICA: alertas/alerta_evt_1760985518795.json
2025-10-20 15:38:51,050 [WARNING] üö® ALERTA ALTA: alertas/alerta_evt_1760985531047.json
2025-10-20 15:38:51,051 [WARNING] ‚ö†Ô∏è  AMEA√áA DETECTADA | Prioridade: ALTA | Classifica√ß√£o: T1486 - Data Encrypted for Impact (Ransomware)
2025-10-20 15:39:45,075 [WARNING] üö® ALERTA CR√çTICA: alertas/alerta_evt_1760985585072.json
2025-10-20 15:39:55,044 [WARNING] üö® ALERTA ALTA: alertas/alerta_evt_1760985595041.json
2025-10-20 15:39:55,045 [WARNING] ‚ö†Ô∏è  AMEA√áA DETECTADA | Prioridade: ALTA | Classifica√ß√£o: T1486 - Data Encrypted for Impact (Ransomware)
2025-10-20 15:40:50,946 [WARNING] üö® ALERTA CR√çTICA: alertas/alerta_evt_1760985650943.json
2025-10-20 15:40:59,355 [WARNING] üö® ALERTA ALTA: alertas/alerta_evt_1760985659352.json
2025-10-20 15:40:59,356 [WARNING] ‚ö†Ô∏è  AMEA√áA DETECTADA | Prioridade: ALTA | Classifica√ß√£o: T1486 - Data Encrypted for Impact (Ransomware)
2025-10-20 15:41:56,440 [WARNING] üö® ALERTA CR√çTICA: alertas/alerta_evt_1760985716437.json
2025-10-20 15:42:03,447 [WARNING] üö® ALERTA ALTA: alertas/alerta_evt_1760985723444.json
2025-10-20 15:42:03,448 [WARNING] ‚ö†Ô∏è  AMEA√áA DETECTADA | Prioridade: ALTA | Classifica√ß√£o: T1486 - Data Encrypted for Impact (Ransomware)
2025-10-20 15:43:02,335 [WARNING] üö® ALERTA CR√çTICA: alertas/alerta_evt_1760985782332.json
2025-10-20 15:43:07,331 [WARNING] üö® ALERTA ALTA: alertas/alerta_evt_1760985787328.json
2025-10-20 15:43:07,333 [WARNING] ‚ö†Ô∏è  AMEA√áA DETECTADA | Prioridade: ALTA | Classifica√ß√£o: T1486 - Data Encrypted for Impact (Ransomware)
2025-10-20 15:44:08,197 [WARNING] üö® ALERTA CR√çTICA: alertas/alerta_evt_1760985848194.json
2025-10-20 15:44:12,161 [WARNING] üö® ALERTA ALTA: alertas/alerta_evt_1760985852158.json
2025-10-20 15:44:12,163 [WARNING] ‚ö†Ô∏è  AMEA√áA DETECTADA | Prioridade: ALTA | Classifica√ß√£o: T1486 - Data Encrypted for Impact (Ransomware)
2025-10-20 15:45:14,550 [WARNING] üö® ALERTA CR√çTICA: alertas/alerta_evt_1760985914547.json
2025-10-20 15:45:16,410 [WARNING] üö® ALERTA ALTA: alertas/alerta_evt_1760985916407.json
2025-10-20 15:45:16,411 [WARNING] ‚ö†Ô∏è  AMEA√áA DETECTADA | Prioridade: ALTA | Classifica√ß√£o: T1486 - Data Encrypted for Impact (Ransomware)
2025-10-20 15:46:20,302 [WARNING] üö® ALERTA CR√çTICA: alertas/alerta_evt_1760985980298.json
2025-10-20 15:46:21,022 [WARNING] üö® ALERTA ALTA: alertas/alerta_evt_1760985981019.json
2025-10-20 15:46:21,023 [WARNING] ‚ö†Ô∏è  AMEA√áA DETECTADA | Prioridade: ALTA | Classifica√ß√£o: T1486 - Data Encrypted for Impact (Ransomware)
2025-10-20 15:47:25,329 [WARNING] üö® ALERTA ALTA: alertas/alerta_evt_1760986045327.json
2025-10-20 15:47:25,330 [WARNING] ‚ö†Ô∏è  AMEA√áA DETECTADA | Prioridade: ALTA | Classifica√ß√£o: T1486 - Data Encrypted for Impact (Ransomware)
2025-10-20 15:47:26,334 [WARNING] üö® ALERTA CR√çTICA: alertas/alerta_evt_1760986046331.json
2025-10-20 15:48:29,881 [WARNING] üö® ALERTA ALTA: alertas/alerta_evt_1760986109877.json
2025-10-20 15:48:29,882 [WARNING] ‚ö†Ô∏è  AMEA√áA DETECTADA | Prioridade: ALTA | Classifica√ß√£o: T1486 - Data Encrypted for Impact (Ransomware)
2025-10-20 15:49:34,278 [WARNING] üö® ALERTA ALTA: alertas/alerta_evt_1760986174274.json
2025-10-20 15:49:34,278 [WARNING] ‚ö†Ô∏è  AMEA√áA DETECTADA | Prioridade: ALTA | Classifica√ß√£o: T1486 - Data Encrypted for Impact (Ransomware)
2025-10-20 15:50:38,282 [WARNING] üö® ALERTA ALTA: alertas/alerta_evt_1760986238280.json
2025-10-20 15:50:38,283 [WARNING] ‚ö†Ô∏è  AMEA√áA DETECTADA | Prioridade: ALTA | Classifica√ß√£o: T1486 - Data Encrypted for Impact (Ransomware)
2025-10-20 15:51:42,855 [WARNING] üö® ALERTA ALTA: alertas/alerta_evt_1760986302852.json
2025-10-20 15:51:42,856 [WARNING] ‚ö†Ô∏è  AMEA√áA DETECTADA | Prioridade: ALTA | Classifica√ß√£o: T1486 - Data Encrypted for Impact (Ransomware)
2025-10-20 15:53:19,437 [INFO] ======================================================================
2025-10-20 15:53:19,438 [INFO] EDR ULTRA v5.0 - INICIALIZANDO MOTOR DE DETEC√á√ÉO
2025-10-20 15:53:19,439 [INFO] ======================================================================
2025-10-20 15:53:22,553 [INFO] ======================================================================
2025-10-20 15:53:22,553 [INFO] EDR ULTRA v5.0 - INICIALIZANDO MOTOR DE DETEC√á√ÉO
2025-10-20 15:53:22,554 [INFO] ======================================================================
2025-10-20 15:53:22,647 [INFO] ‚úì Modelos carregados
2025-10-20 15:53:22,648 [INFO] ‚úì Contexto MITRE: 18 t√©cnicas
2025-10-20 15:53:22,649 [INFO] ‚úì Vers√£o: 4.0-ultra
2025-10-20 15:53:22,649 [INFO] ‚úì Acur√°cia: 94.71%
2025-10-20 15:53:22,650 [INFO] ======================================================================
2025-10-20 15:53:22,651 [INFO] ‚úÖ SISTEMA OPERACIONAL E PRONTO!
2025-10-20 15:53:22,651 [INFO] ======================================================================

2025-10-20 15:53:23,485 [INFO] 
üåê Iniciando API REST na porta 8000...
2025-10-20 15:53:23,486 [INFO] üîó Host: 0.0.0.0
2025-10-20 15:53:23,489 [INFO] üìñ Documenta√ß√£o: http://0.0.0.0:8000/docs
2025-10-20 15:53:23,489 [INFO] ‚úÖ API pronta para receber requisi√ß√µes!

2025-10-20 15:53:25,754 [INFO] ‚úì Modelos carregados
2025-10-20 15:53:25,755 [INFO] ‚úì Contexto MITRE: 18 t√©cnicas
2025-10-20 15:53:25,757 [INFO] ‚úì Vers√£o: 4.0-ultra
2025-10-20 15:53:25,757 [INFO] ‚úì Acur√°cia: 94.71%
2025-10-20 15:53:25,758 [INFO] ======================================================================
2025-10-20 15:53:25,758 [INFO] ‚úÖ SISTEMA OPERACIONAL E PRONTO!
2025-10-20 15:53:25,759 [INFO] ======================================================================

2025-10-20 15:53:25,759 [INFO] 
üîÑ Modo Daemon iniciado (intervalo: 60s)
2025-10-20 15:53:25,760 [INFO] Pressione Ctrl+C para encerrar

2025-10-20 15:53:30,173 [WARNING] üö® ALERTA ALTA: alertas/alerta_evt_1760986410170.json
2025-10-20 15:53:30,174 [WARNING] ‚ö†Ô∏è  AMEA√áA DETECTADA | Prioridade: ALTA | Classifica√ß√£o: T1486 - Data Encrypted for Impact (Ransomware)
2025-10-20 15:54:34,524 [WARNING] üö® ALERTA ALTA: alertas/alerta_evt_1760986474520.json
2025-10-20 15:54:34,525 [WARNING] ‚ö†Ô∏è  AMEA√áA DETECTADA | Prioridade: ALTA | Classifica√ß√£o: T1486 - Data Encrypted for Impact (Ransomware)
2025-10-20 15:55:38,674 [WARNING] üö® ALERTA ALTA: alertas/alerta_evt_1760986538672.json
2025-10-20 15:55:38,675 [WARNING] ‚ö†Ô∏è  AMEA√áA DETECTADA | Prioridade: ALTA | Classifica√ß√£o: T1486 - Data Encrypted for Impact (Ransomware)
2025-10-20 15:56:43,297 [WARNING] üö® ALERTA ALTA: alertas/alerta_evt_1760986603294.json
2025-10-20 15:56:43,297 [WARNING] ‚ö†Ô∏è  AMEA√áA DETECTADA | Prioridade: ALTA | Classifica√ß√£o: T1486 - Data Encrypted for Impact (Ransomware)
2025-10-20 15:57:48,055 [WARNING] üö® ALERTA ALTA: alertas/alerta_evt_1760986668052.json
2025-10-20 15:57:48,056 [WARNING] ‚ö†Ô∏è  AMEA√áA DETECTADA | Prioridade: ALTA | Classifica√ß√£o: T1486 - Data Encrypted for Impact (Ransomware)
2025-10-20 15:59:03,526 [INFO] ======================================================================
2025-10-20 15:59:03,527 [INFO] EDR ULTRA v5.0 - INICIALIZANDO MOTOR DE DETEC√á√ÉO
2025-10-20 15:59:03,532 [INFO] ======================================================================
2025-10-20 15:59:06,853 [INFO] ======================================================================
2025-10-20 15:59:06,853 [INFO] EDR ULTRA v5.0 - INICIALIZANDO MOTOR DE DETEC√á√ÉO
2025-10-20 15:59:06,854 [INFO] ======================================================================
2025-10-20 15:59:07,157 [INFO] ‚úì Modelos carregados
2025-10-20 15:59:07,159 [INFO] ‚úì Contexto MITRE: 18 t√©cnicas
2025-10-20 15:59:07,159 [INFO] ‚úì Vers√£o: 4.0-ultra
2025-10-20 15:59:07,160 [INFO] ‚úì Acur√°cia: 94.71%
2025-10-20 15:59:07,161 [INFO] ======================================================================
2025-10-20 15:59:07,161 [INFO] ‚úÖ SISTEMA OPERACIONAL E PRONTO!
2025-10-20 15:59:07,162 [INFO] ======================================================================

2025-10-20 15:59:08,097 [INFO] 
üåê Iniciando API REST na porta 8000...
2025-10-20 15:59:08,098 [INFO] üîó Host: 0.0.0.0
2025-10-20 15:59:08,099 [INFO] üìñ Documenta√ß√£o: http://0.0.0.0:8000/docs
2025-10-20 15:59:08,099 [INFO] ‚úÖ API pronta para receber requisi√ß√µes!

