2025-10-20 12:50:06,357 [INFO] ======================================================================
2025-10-20 12:50:06,358 [INFO] EDR ULTRA v4.0-ultra - SISTEMA DE TREINAMENTO AVANÇADO
2025-10-20 12:50:06,359 [INFO] ======================================================================
2025-10-20 12:50:06,359 [INFO] Configurações:
2025-10-20 12:50:06,359 [INFO]   - Amostras por classe: 800
2025-10-20 12:50:06,360 [INFO]   - Estimadores: 100
2025-10-20 12:50:06,360 [INFO]   - Validação cruzada: SIM
2025-10-20 12:50:06,361 [INFO]   - Dataset customizado: Sintético
2025-10-20 12:50:06,362 [INFO] Gerando dataset sintético...
2025-10-20 12:50:08,900 [INFO] Concluído: Dataset sintético com 15,200 eventos
2025-10-20 12:50:08,902 [INFO] 
Distribuicao de classes:
2025-10-20 12:50:08,904 [INFO]   Normal (No Threat Detected): 4,000
2025-10-20 12:50:08,905 [INFO]   T1059.001 - Powershell Execution: 800
2025-10-20 12:50:08,905 [INFO]   T1055 - Process Injection: 800
2025-10-20 12:50:08,906 [INFO]   T1566 - Phishing/Initial Access: 800
2025-10-20 12:50:08,906 [INFO]   T1003 - OS Credential Dumping: 800
2025-10-20 12:50:08,907 [INFO]   T1070.004 - File Deletion: 800
2025-10-20 12:50:08,907 [INFO]   T1027 - Obfuscated Files or Information: 800
2025-10-20 12:50:08,907 [INFO]   T1068 - Exploitation for Privilege Escalation: 800
2025-10-20 12:50:08,908 [INFO]   T1021.001 - Remote Desktop Protocol: 800
2025-10-20 12:50:08,908 [INFO]   T1486 - Data Encrypted for Impact (Ransomware): 800
2025-10-20 12:50:08,908 [INFO]   T1571 - Non-Standard Port: 800
2025-10-20 12:50:08,909 [INFO]   T1036 - Masquerading: 800
2025-10-20 12:50:08,909 [INFO]   T1547.001 - Registry Run Keys / Startup Folder: 800
2025-10-20 12:50:08,910 [INFO]   T1087 - Account Discovery: 800
2025-10-20 12:50:08,910 [INFO]   T1560 - Archive Collected Data (Exfiltration): 800
2025-10-20 12:50:08,910 [INFO] 
Aplicando feature engineering...
2025-10-20 12:50:08,926 [INFO] Concluído: Features: 19 (12 base + 7 derivadas)
2025-10-20 12:50:08,951 [INFO] 
Divisão dos dados:
2025-10-20 12:50:08,951 [INFO]   - Treino: 11,400 eventos (75.0%)
2025-10-20 12:50:08,952 [INFO]   - Teste: 3,800 eventos (25.0%)
2025-10-20 12:50:08,999 [INFO] Concluído: Normalização aplicada (RobustScaler)
2025-10-20 12:50:09,000 [INFO] 
======================================================================
2025-10-20 12:50:09,001 [INFO] TREINAMENTO DO ENSEMBLE MULTI-ALGORITMO
2025-10-20 12:50:09,002 [INFO] ======================================================================
2025-10-20 12:50:09,002 [INFO] 
[1/3] Treinando Random Forest...
2025-10-20 12:50:09,003 [INFO] [2/3] Treinando Gradient Boosting...
2025-10-20 12:50:09,004 [INFO] [3/3] Treinando Neural Network...
2025-10-20 12:50:09,004 [INFO] 
Combinando modelos em Voting Ensemble...
2025-10-20 13:00:55,331 [INFO] Concluído: Ensemble treinado em 646.33s
2025-10-20 13:00:56,682 [INFO] Concluído: Acurácia do Ensemble: 0.9926
2025-10-20 13:00:56,684 [INFO] 
Executando validação cruzada (5-fold)...
2025-10-20 13:01:16,776 [INFO] Concluído: CV Score: 0.9916 (+/- 0.0016)
2025-10-20 13:01:16,777 [INFO] 
======================================================================
2025-10-20 13:01:16,778 [INFO] TREINAMENTO DO DETECTOR DE ANOMALIAS
2025-10-20 13:01:16,778 [INFO] ======================================================================
2025-10-20 13:01:16,787 [INFO] 
Treinando Isolation Forest com 3,000 eventos normais...
2025-10-20 13:01:17,637 [INFO] Concluído: Acurácia Isolation Forest: 0.8576
2025-10-20 13:01:17,638 [INFO] 
======================================================================
2025-10-20 13:01:17,639 [INFO] RELATÓRIO DE CLASSIFICAÇÃO DETALHADO
2025-10-20 13:01:17,639 [INFO] ======================================================================

2025-10-20 13:01:17,669 [INFO] 
Matriz de Confusão salva em: metricas/confusion_matrix.npy
2025-10-20 13:01:17,671 [INFO] 
======================================================================
2025-10-20 13:01:17,672 [INFO] SALVANDO ARTEFATOS
2025-10-20 13:01:17,672 [INFO] ======================================================================
2025-10-20 13:01:18,681 [INFO] Concluído: Base de treinamento: modelos/training_base_v4.csv
2025-10-20 13:01:19,321 [INFO] Concluído: Scaler: modelos/scaler_v4.joblib
2025-10-20 13:01:19,322 [INFO] Concluído: Ensemble: modelos/ensemble_v4.joblib
2025-10-20 13:01:19,328 [INFO] Concluído: Anomaly Detector: modelos/anomaly_v4.joblib
2025-10-20 13:01:19,329 [INFO] Concluído: Features: modelos/features_v4.joblib
2025-10-20 13:01:19,330 [INFO] Concluído: MITRE Mapping: modelos/mitre_mapping_v4.joblib
2025-10-20 13:01:19,332 [INFO] Concluído: Informações de versão: modelos/version_info.json
2025-10-20 13:01:19,333 [INFO] 
======================================================================
2025-10-20 13:01:19,334 [INFO] DOWNLOAD MITRE ATT&CK
2025-10-20 13:01:19,335 [INFO] ======================================================================
2025-10-20 13:01:23,215 [INFO] Concluído: Download completo: 37.94 MB
2025-10-20 13:01:24,058 [INFO] Concluído: JSON validado: 22652 objetos
2025-10-20 13:01:24,085 [INFO] Concluído: Contexto MITRE: 18 técnicas
2025-10-20 13:01:24,086 [INFO] 
======================================================================
2025-10-20 13:01:24,087 [INFO] TREINAMENTO CONCLUÍDO COM SUCESSO!
2025-10-20 13:01:24,088 [INFO] ======================================================================
2025-10-20 13:01:24,089 [INFO] 
RESUMO EXECUTIVO:
2025-10-20 13:01:24,090 [INFO]   - Versão: EDR Ultra v4.0-ultra
2025-10-20 13:01:24,091 [INFO]   - Dataset: 15,200 eventos
2025-10-20 13:01:24,092 [INFO]   - Features: 19
2025-10-20 13:01:24,093 [INFO]   - Técnicas ATT&CK: 14
2025-10-20 13:01:24,094 [INFO]   - Acurácia Ensemble: 99.26%
2025-10-20 13:01:24,094 [INFO]   - Acurácia Anomalia: 85.76%
2025-10-20 13:01:24,095 [INFO]   - Tempo de Treino: 646.33s
2025-10-20 13:01:24,096 [INFO] 
Arquivos gerados:
2025-10-20 13:01:24,097 [INFO]   - modelos/*.joblib (5 arquivos)
2025-10-20 13:01:24,098 [INFO]   - modelos/training_base_v4.csv
2025-10-20 13:01:24,099 [INFO]   - modelos/version_info.json
2025-10-20 13:01:24,100 [INFO]   - logs/treinamento_*.log
2025-10-20 13:01:24,117 [INFO] 
Proximo passo:
2025-10-20 13:01:24,118 [INFO]   python jogador-v4-operacional.py
2025-10-20 13:01:24,119 [INFO] ======================================================================

2025-10-20 13:01:24,121 [INFO] Finalizado em: 2025-10-20 13:01:24
