2025-10-20 11:50:26,137 [INFO] ======================================================================
2025-10-20 11:50:26,138 [INFO] EDR ULTRA v4.0-ultra - SISTEMA DE TREINAMENTO AVANÇADO
2025-10-20 11:50:26,138 [INFO] ======================================================================
2025-10-20 11:50:26,139 [INFO] Configurações:
2025-10-20 11:50:26,139 [INFO]   • Amostras por classe: 800
2025-10-20 11:50:26,141 [INFO]   • Estimadores: 100
2025-10-20 11:50:26,141 [INFO]   • Validação cruzada: NÃO
2025-10-20 11:50:26,141 [INFO]   • Dataset customizado: Sintético
2025-10-20 11:50:29,500 [INFO]   Normal (No Threat Detected): 4,000
2025-10-20 11:50:29,504 [INFO]   T1059.001 - Powershell Execution: 800
2025-10-20 11:50:29,504 [INFO]   T1055 - Process Injection: 800
2025-10-20 11:50:29,505 [INFO]   T1566 - Phishing/Initial Access: 800
2025-10-20 11:50:29,506 [INFO]   T1003 - OS Credential Dumping: 800
2025-10-20 11:50:29,506 [INFO]   T1070.004 - File Deletion: 800
2025-10-20 11:50:29,507 [INFO]   T1027 - Obfuscated Files or Information: 800
2025-10-20 11:50:29,507 [INFO]   T1068 - Exploitation for Privilege Escalation: 800
2025-10-20 11:50:29,508 [INFO]   T1021.001 - Remote Desktop Protocol: 800
2025-10-20 11:50:29,509 [INFO]   T1486 - Data Encrypted for Impact (Ransomware): 800
2025-10-20 11:50:29,509 [INFO]   T1571 - Non-Standard Port: 800
2025-10-20 11:50:29,510 [INFO]   T1036 - Masquerading: 800
2025-10-20 11:50:29,511 [INFO]   T1547.001 - Registry Run Keys / Startup Folder: 800
2025-10-20 11:50:29,512 [INFO]   T1018 - Remote System Discovery: 800
2025-10-20 11:50:29,512 [INFO]   T1087 - Account Discovery: 800
2025-10-20 11:50:29,513 [INFO]   T1560 - Archive Collected Data (Exfiltration): 800
2025-10-20 11:50:29,580 [INFO]   • Treino: 12,000 eventos (75.0%)
2025-10-20 11:50:29,581 [INFO]   • Teste: 4,000 eventos (25.0%)
2025-10-20 11:50:29,627 [INFO] 
======================================================================
2025-10-20 11:50:29,634 [INFO] ======================================================================
2025-10-20 11:50:29,635 [INFO] 
[1/3] Treinando Random Forest...
2025-10-20 11:50:29,636 [INFO] [2/3] Treinando Gradient Boosting...
2025-10-20 11:50:29,637 [INFO] [3/3] Treinando Neural Network...
2025-10-20 11:55:31,720 [INFO] 
======================================================================
2025-10-20 11:55:31,734 [INFO] ======================================================================
2025-10-20 11:55:31,744 [INFO] 
Treinando Isolation Forest com 3,000 eventos normais...
2025-10-20 11:55:32,697 [INFO] 
======================================================================
2025-10-20 11:55:32,707 [INFO] ======================================================================

2025-10-20 11:55:32,753 [INFO] 
======================================================================
2025-10-20 11:55:32,765 [INFO] ======================================================================
2025-10-20 11:55:34,686 [INFO] 
======================================================================
2025-10-20 11:55:34,700 [INFO] ======================================================================
2025-10-20 11:55:38,730 [INFO] 
======================================================================
2025-10-20 11:55:38,738 [INFO] ======================================================================
2025-10-20 11:55:38,752 [INFO]   • Versão: EDR Ultra v4.0-ultra
2025-10-20 11:55:38,753 [INFO]   • Dataset: 16,000 eventos
2025-10-20 11:55:38,753 [INFO]   • Features: 19
2025-10-20 11:55:38,755 [INFO]   • Técnicas ATT&CK: 15
2025-10-20 11:55:38,755 [INFO]   • Acurácia Ensemble: 100.00%
2025-10-20 11:55:38,756 [INFO]   • Acurácia Anomalia: 92.35%
2025-10-20 11:55:38,757 [INFO]   • Tempo de Treino: 301.14s
2025-10-20 11:55:38,768 [INFO]   • modelos/*.joblib (5 arquivos)
2025-10-20 11:55:38,770 [INFO]   • modelos/training_base_v4.csv
2025-10-20 11:55:38,771 [INFO]   • modelos/version_info.json
2025-10-20 11:55:38,771 [INFO]   • logs/treinamento_*.log
2025-10-20 11:55:38,786 [INFO]    python jogador-v4-operacional.py
2025-10-20 11:55:38,787 [INFO] ======================================================================

2025-10-20 11:55:38,788 [INFO] Finalizado em: 2025-10-20 11:55:38
